C:\Users\louay\source\repos\ANGULARWEBAPI\angular7\dist\out-tsc\e2e\src\app.po.js
C:\Users\louay\source\repos\ANGULARWEBAPI\angular7\dist\out-tsc\e2e\src\app.po.js.map
C:\Users\louay\source\repos\ANGULARWEBAPI\angular7\dist\out-tsc\e2e\src\app.e2e-spec.js
C:\Users\louay\source\repos\ANGULARWEBAPI\angular7\dist\out-tsc\e2e\src\app.e2e-spec.js.map
C:\Users\louay\source\repos\ANGULARWEBAPI\angular7\dist\out-tsc\src\app\app.component.js
C:\Users\louay\source\repos\ANGULARWEBAPI\angular7\dist\out-tsc\src\app\app.component.js.map
C:\Users\louay\source\repos\ANGULARWEBAPI\angular7\dist\out-tsc\src\app\payment-details\shared\payment-detail-model.js
C:\Users\louay\source\repos\ANGULARWEBAPI\angular7\dist\out-tsc\src\app\payment-details\shared\payment-detail-model.js.map
C:\Users\louay\source\repos\ANGULARWEBAPI\angular7\dist\out-tsc\src\app\payment-details\shared\payment-detail-service.js
C:\Users\louay\source\repos\ANGULARWEBAPI\angular7\dist\out-tsc\src\app\payment-details\shared\payment-detail-service.js.map
C:\Users\louay\source\repos\ANGULARWEBAPI\angular7\dist\out-tsc\src\app\payment-details\payment-detail\payment-detail.component.js
C:\Users\louay\source\repos\ANGULARWEBAPI\angular7\dist\out-tsc\src\app\payment-details\payment-detail\payment-detail.component.js.map
C:\Users\louay\source\repos\ANGULARWEBAPI\angular7\dist\out-tsc\src\app\payment-details\payment-detail-list\payment-detail-list.component.js
C:\Users\louay\source\repos\ANGULARWEBAPI\angular7\dist\out-tsc\src\app\payment-details\payment-detail-list\payment-detail-list.component.js.map
C:\Users\louay\source\repos\ANGULARWEBAPI\angular7\dist\out-tsc\src\app\payment-details\payment-details\payment-details.component.js
C:\Users\louay\source\repos\ANGULARWEBAPI\angular7\dist\out-tsc\src\app\payment-details\payment-details\payment-details.component.js.map
C:\Users\louay\source\repos\ANGULARWEBAPI\angular7\dist\out-tsc\src\app\app.module.js
C:\Users\louay\source\repos\ANGULARWEBAPI\angular7\dist\out-tsc\src\app\app.module.js.map
C:\Users\louay\source\repos\ANGULARWEBAPI\angular7\dist\out-tsc\src\environments\environment.js
C:\Users\louay\source\repos\ANGULARWEBAPI\angular7\dist\out-tsc\src\environments\environment.js.map
C:\Users\louay\source\repos\ANGULARWEBAPI\angular7\dist\out-tsc\src\main.js
C:\Users\louay\source\repos\ANGULARWEBAPI\angular7\dist\out-tsc\src\main.js.map
C:\Users\louay\source\repos\ANGULARWEBAPI\angular7\dist\out-tsc\src\polyfills.js
C:\Users\louay\source\repos\ANGULARWEBAPI\angular7\dist\out-tsc\src\polyfills.js.map
C:\Users\louay\source\repos\ANGULARWEBAPI\angular7\dist\out-tsc\src\test.js
C:\Users\louay\source\repos\ANGULARWEBAPI\angular7\dist\out-tsc\src\test.js.map
C:\Users\louay\source\repos\ANGULARWEBAPI\angular7\dist\out-tsc\src\app\payment-details\payment-detail\payment-detail.component.spec.js
C:\Users\louay\source\repos\ANGULARWEBAPI\angular7\dist\out-tsc\src\app\payment-details\payment-detail\payment-detail.component.spec.js.map
C:\Users\louay\source\repos\ANGULARWEBAPI\angular7\dist\out-tsc\src\app\payment-details\payment-detail-list\payment-detail-list.component.spec.js
C:\Users\louay\source\repos\ANGULARWEBAPI\angular7\dist\out-tsc\src\app\payment-details\payment-detail-list\payment-detail-list.component.spec.js.map
C:\Users\louay\source\repos\ANGULARWEBAPI\angular7\dist\out-tsc\src\app\payment-details\payment-details\payment-details.component.spec.js
C:\Users\louay\source\repos\ANGULARWEBAPI\angular7\dist\out-tsc\src\app\payment-details\payment-details\payment-details.component.spec.js.map
C:\Users\louay\source\repos\ANGULARWEBAPI\angular7\dist\out-tsc\src\environments\environment.prod.js
C:\Users\louay\source\repos\ANGULARWEBAPI\angular7\dist\out-tsc\src\environments\environment.prod.js.map
